<?xml version="1.0" encoding="UTF-8"?>
<!-- Generated by org.testng.reporters.JUnitXMLReporter -->
<testsuite hostname="mac.local" ignored="0" name="exampletest9" tests="16" failures="1" timestamp="07 Feb 2019 04:07:07 GMT" time="451.665" errors="0">
  <testcase name="testDeactivateEmployee" time="21.169" classname="sprint0.DeactivateEmployee"/>
  <testcase name="testDeactivateEmployee" time="23.575" classname="sprint0.DeactivateEmployee"/>
  <testcase name="testDeactivateEmployee" time="20.039" classname="sprint0.DeactivateEmployee"/>
  <testcase name="testDeactivateEmployee" time="25.412" classname="sprint0.DeactivateEmployee"/>
  <testcase name="testEditDeactivateEmployee" time="23.339" classname="sprint0.DeactivateEmployee"/>
  <testcase name="testEditDeactivateEmployee" time="21.095" classname="sprint0.DeactivateEmployee"/>
  <testcase name="testEditDeactivateEmployee" time="26.225" classname="sprint0.DeactivateEmployee"/>
  <testcase name="testEditDeactivateEmployee" time="30.628" classname="sprint0.DeactivateEmployee"/>
  <testcase name="testSearchName" time="19.308" classname="sprint0.DeactivateEmployee"/>
  <testcase name="testSearchName" time="21.588" classname="sprint0.DeactivateEmployee"/>
  <testcase name="testSearchName" time="24.403" classname="sprint0.DeactivateEmployee">
    <failure type="org.openqa.selenium.StaleElementReferenceException" message="stale element reference: element is not attached to the page document
  (Session info: headless chrome=71.0.3578.98)
  (Driver info: chromedriver=2.44.609545 (c2f88692e98ce7233d2df7c724465ecacfe74df5),platform=Mac OS X 10.14.2 x86_64) (WARNING: The server did not provide any stacktrace information)
Command duration or timeout: 0 milliseconds
For documentation on this error, please visit: https://www.seleniumhq.org/exceptions/stale_element_reference.html
Build info: version: &amp;apos;3.141.59&amp;apos;, revision: &amp;apos;e82be7d358&amp;apos;, time: &amp;apos;2018-11-14T08:17:03&amp;apos;
System info: host: &amp;apos;mac.local&amp;apos;, ip: &amp;apos;fe80:0:0:0:416:4f24:fa75:517%en0&amp;apos;, os.name: &amp;apos;Mac OS X&amp;apos;, os.arch: &amp;apos;x86_64&amp;apos;, os.version: &amp;apos;10.14.2&amp;apos;, java.version: &amp;apos;1.8.0_151&amp;apos;
Driver info: org.openqa.selenium.chrome.ChromeDriver
Capabilities {acceptInsecureCerts: false, acceptSslCerts: false, applicationCacheEnabled: false, browserConnectionEnabled: false, browserName: chrome, chrome: {chromedriverVersion: 2.44.609545 (c2f88692e98ce7..., userDataDir: /var/folders/93/cv8d4r_j66b...}, cssSelectorsEnabled: true, databaseEnabled: false, goog:chromeOptions: {debuggerAddress: localhost:61656}, handlesAlerts: true, hasTouchScreen: false, javascriptEnabled: true, locationContextEnabled: true, mobileEmulationEnabled: false, nativeEvents: true, networkConnectionEnabled: false, pageLoadStrategy: normal, platform: MAC, platformName: MAC, rotatable: false, setWindowRect: true, takesHeapSnapshot: true, takesScreenshot: true, unexpectedAlertBehaviour: ignore, unhandledPromptBehavior: ignore, version: 71.0.3578.98, webStorageEnabled: true}
Session ID: 7756f08125dde3f3dd03ec082854acc2">
      <![CDATA[org.openqa.selenium.StaleElementReferenceException: stale element reference: element is not attached to the page document
  (Session info: headless chrome=71.0.3578.98)
  (Driver info: chromedriver=2.44.609545 (c2f88692e98ce7233d2df7c724465ecacfe74df5),platform=Mac OS X 10.14.2 x86_64) (WARNING: The server did not provide any stacktrace information)
Command duration or timeout: 0 milliseconds
For documentation on this error, please visit: https://www.seleniumhq.org/exceptions/stale_element_reference.html
Build info: version: '3.141.59', revision: 'e82be7d358', time: '2018-11-14T08:17:03'
System info: host: 'mac.local', ip: 'fe80:0:0:0:416:4f24:fa75:517%en0', os.name: 'Mac OS X', os.arch: 'x86_64', os.version: '10.14.2', java.version: '1.8.0_151'
Driver info: org.openqa.selenium.chrome.ChromeDriver
Capabilities {acceptInsecureCerts: false, acceptSslCerts: false, applicationCacheEnabled: false, browserConnectionEnabled: false, browserName: chrome, chrome: {chromedriverVersion: 2.44.609545 (c2f88692e98ce7..., userDataDir: /var/folders/93/cv8d4r_j66b...}, cssSelectorsEnabled: true, databaseEnabled: false, goog:chromeOptions: {debuggerAddress: localhost:61656}, handlesAlerts: true, hasTouchScreen: false, javascriptEnabled: true, locationContextEnabled: true, mobileEmulationEnabled: false, nativeEvents: true, networkConnectionEnabled: false, pageLoadStrategy: normal, platform: MAC, platformName: MAC, rotatable: false, setWindowRect: true, takesHeapSnapshot: true, takesScreenshot: true, unexpectedAlertBehaviour: ignore, unhandledPromptBehavior: ignore, version: 71.0.3578.98, webStorageEnabled: true}
Session ID: 7756f08125dde3f3dd03ec082854acc2
at org.openqa.selenium.remote.ErrorHandler.createThrowable(ErrorHandler.java:214)
at org.openqa.selenium.remote.ErrorHandler.throwIfResponseFailed(ErrorHandler.java:166)
at org.openqa.selenium.remote.http.JsonHttpResponseCodec.reconstructValue(JsonHttpResponseCodec.java:40)
at org.openqa.selenium.remote.http.AbstractHttpResponseCodec.decode(AbstractHttpResponseCodec.java:80)
at org.openqa.selenium.remote.http.AbstractHttpResponseCodec.decode(AbstractHttpResponseCodec.java:44)
at org.openqa.selenium.remote.HttpCommandExecutor.execute(HttpCommandExecutor.java:158)
at org.openqa.selenium.remote.service.DriverCommandExecutor.execute(DriverCommandExecutor.java:83)
at org.openqa.selenium.remote.RemoteWebDriver.execute(RemoteWebDriver.java:552)
at org.openqa.selenium.remote.RemoteWebElement.execute(RemoteWebElement.java:285)
at org.openqa.selenium.remote.RemoteWebElement.getText(RemoteWebElement.java:166)
at sprint0.DeactivateEmployee.testSearchName(DeactivateEmployee.java:120)
... Removed 29 stack frames]]>
    </failure>
  </testcase> <!-- testSearchName -->
  <testcase name="testSearchName" time="20.221" classname="sprint0.DeactivateEmployee"/>
  <testcase name="testRestoreEmployee" time="19.69" classname="sprint0.DeactivateEmployee"/>
  <testcase name="testRestoreEmployee" time="19.523" classname="sprint0.DeactivateEmployee"/>
  <testcase name="testRestoreEmployee" time="24.22" classname="sprint0.DeactivateEmployee"/>
  <testcase name="testRestoreEmployee" time="21.153" classname="sprint0.DeactivateEmployee"/>
</testsuite> <!-- exampletest9 -->
