<?xml version="1.0" encoding="UTF-8"?>
<testng-results skipped="0" failed="3" ignored="0" total="3" passed="0">
  <reporter-output>
    <line>
      <![CDATA[Testcase Failure Screenshot saved at : file:/Users/manoj/git/ICEHRM/ICEHRM/Screenshots/testSearchName2020_04_12_23_30_20.png]]>
    </line>
    <line>
      <![CDATA[Testcase Failure Screenshot saved at : file:/Users/manoj/git/ICEHRM/ICEHRM/Screenshots/testSearchLastname2020_04_12_23_31_21.png]]>
    </line>
    <line>
      <![CDATA[Testcase Failure Screenshot saved at : file:/Users/manoj/git/ICEHRM/ICEHRM/Screenshots/testSearchInvalid2020_04_12_23_31_47.png]]>
    </line>
  </reporter-output>
  <suite name="Default suite" duration-ms="159033" started-at="2020-12-04T17:59:08Z" finished-at="2020-12-04T18:01:47Z">
    <groups>
    </groups>
    <test name="Default test" duration-ms="159033" started-at="2020-12-04T17:59:08Z" finished-at="2020-12-04T18:01:47Z">
      <class name="sprint0.EmployeeSearch">
        <test-method status="PASS" signature="beforeSuite()[pri:0, instance:sprint0.EmployeeSearch@46cdf8bd]" name="beforeSuite" is-config="true" duration-ms="34" started-at="2020-12-04T17:59:08Z" finished-at="2020-12-04T17:59:08Z">
          <reporter-output>
          </reporter-output>
        </test-method> <!-- beforeSuite -->
        <test-method status="PASS" signature="beforeTest()[pri:0, instance:sprint0.EmployeeSearch@46cdf8bd]" name="beforeTest" is-config="true" duration-ms="456" started-at="2020-12-04T17:59:08Z" finished-at="2020-12-04T17:59:09Z">
          <reporter-output>
          </reporter-output>
        </test-method> <!-- beforeTest -->
        <test-method status="PASS" signature="beforeMethod(java.lang.reflect.Method, java.lang.String)[pri:0, instance:sprint0.EmployeeSearch@46cdf8bd]" name="beforeMethod" is-config="true" duration-ms="22041" started-at="2020-12-04T17:59:11Z" finished-at="2020-12-04T17:59:33Z">
          <params>
            <param index="0">
              <value>
                <![CDATA[public void sprint0.EmployeeSearch.testSearchName(java.lang.String)]]>
              </value>
            </param>
            <param index="1">
              <value>
                <![CDATA[browser]]>
              </value>
            </param>
          </params>
          <reporter-output>
          </reporter-output>
        </test-method> <!-- beforeMethod -->
        <test-method status="FAIL" signature="testSearchName(java.lang.String)[pri:1, instance:sprint0.EmployeeSearch@46cdf8bd]" name="testSearchName" duration-ms="46999" started-at="2020-12-04T17:59:33Z" data-provider="EmpFirstNameSearchData" finished-at="2020-12-04T18:00:20Z">
          <params>
            <param index="0">
              <value>
                <![CDATA[James]]>
              </value>
            </param>
          </params>
          <exception class="org.openqa.selenium.TimeoutException">
            <message>
              <![CDATA[Expected condition failed: waiting for number of elements found by By.xpath: //table[@id='grid']//tbody/tr/td[1] to be more than "0". Current number: "0" (tried for 30 second(s) with 500 milliseconds interval)
Build info: version: '3.141.59', revision: 'e82be7d358', time: '2018-11-14T08:17:03'
System info: host: 'mac.local', ip: 'fe80:0:0:0:1c6f:764a:d9bf:bcef%en0', os.name: 'Mac OS X', os.arch: 'x86_64', os.version: '10.16', java.version: '1.8.0_151'
Driver info: org.openqa.selenium.chrome.ChromeDriver
Capabilities {acceptInsecureCerts: false, browserName: chrome, browserVersion: 86.0.4240.198, chrome: {chromedriverVersion: 86.0.4240.22 (398b0743353ff..., userDataDir: /var/folders/93/cv8d4r_j66b...}, goog:chromeOptions: {debuggerAddress: localhost:52285}, javascriptEnabled: true, networkConnectionEnabled: false, pageLoadStrategy: normal, platform: MAC, platformName: MAC, proxy: Proxy(), setWindowRect: true, strictFileInteractability: false, timeouts: {implicit: 0, pageLoad: 300000, script: 30000}, unhandledPromptBehavior: dismiss and notify, webauthn:virtualAuthenticators: true}
Session ID: 3c8c2697561b3f6961c0053480e7e7c1]]>
            </message>
            <full-stacktrace>
              <![CDATA[org.openqa.selenium.TimeoutException: Expected condition failed: waiting for number of elements found by By.xpath: //table[@id='grid']//tbody/tr/td[1] to be more than "0". Current number: "0" (tried for 30 second(s) with 500 milliseconds interval)
Build info: version: '3.141.59', revision: 'e82be7d358', time: '2018-11-14T08:17:03'
System info: host: 'mac.local', ip: 'fe80:0:0:0:1c6f:764a:d9bf:bcef%en0', os.name: 'Mac OS X', os.arch: 'x86_64', os.version: '10.16', java.version: '1.8.0_151'
Driver info: org.openqa.selenium.chrome.ChromeDriver
Capabilities {acceptInsecureCerts: false, browserName: chrome, browserVersion: 86.0.4240.198, chrome: {chromedriverVersion: 86.0.4240.22 (398b0743353ff..., userDataDir: /var/folders/93/cv8d4r_j66b...}, goog:chromeOptions: {debuggerAddress: localhost:52285}, javascriptEnabled: true, networkConnectionEnabled: false, pageLoadStrategy: normal, platform: MAC, platformName: MAC, proxy: Proxy(), setWindowRect: true, strictFileInteractability: false, timeouts: {implicit: 0, pageLoad: 300000, script: 30000}, unhandledPromptBehavior: dismiss and notify, webauthn:virtualAuthenticators: true}
Session ID: 3c8c2697561b3f6961c0053480e7e7c1
at org.openqa.selenium.support.ui.WebDriverWait.timeoutException(WebDriverWait.java:95)
at org.openqa.selenium.support.ui.FluentWait.until(FluentWait.java:272)
at sprint0.login.POM.EmployessEmployeesPagePOM.waitforEmployeeHomePageReady(EmployessEmployeesPagePOM.java:437)
at sprint0.login.POM.HomePagePOM.openEmployeeTab(HomePagePOM.java:74)
at sprint0.EmployeeSearch.testSearchName(EmployeeSearch.java:26)
at sun.reflect.NativeMethodAccessorImpl.invoke0(Native Method)
at sun.reflect.NativeMethodAccessorImpl.invoke(NativeMethodAccessorImpl.java:62)
at sun.reflect.DelegatingMethodAccessorImpl.invoke(DelegatingMethodAccessorImpl.java:43)
at java.lang.reflect.Method.invoke(Method.java:498)
at org.testng.internal.MethodInvocationHelper.invokeMethod(MethodInvocationHelper.java:124)
at org.testng.internal.Invoker.invokeMethod(Invoker.java:583)
at org.testng.internal.Invoker.invokeTestMethod(Invoker.java:719)
at org.testng.internal.Invoker.invokeTestMethods(Invoker.java:989)
at org.testng.internal.TestMethodWorker.invokeTestMethods(TestMethodWorker.java:125)
at org.testng.internal.TestMethodWorker.run(TestMethodWorker.java:109)
at org.testng.TestRunner.privateRun(TestRunner.java:648)
at org.testng.TestRunner.run(TestRunner.java:505)
at org.testng.SuiteRunner.runTest(SuiteRunner.java:455)
at org.testng.SuiteRunner.runSequentially(SuiteRunner.java:450)
at org.testng.SuiteRunner.privateRun(SuiteRunner.java:415)
at org.testng.SuiteRunner.run(SuiteRunner.java:364)
at org.testng.SuiteRunnerWorker.runSuite(SuiteRunnerWorker.java:52)
at org.testng.SuiteRunnerWorker.run(SuiteRunnerWorker.java:84)
at org.testng.TestNG.runSuitesSequentially(TestNG.java:1208)
at org.testng.TestNG.runSuitesLocally(TestNG.java:1137)
at org.testng.TestNG.runSuites(TestNG.java:1049)
at org.testng.TestNG.run(TestNG.java:1017)
at org.testng.remote.AbstractRemoteTestNG.run(AbstractRemoteTestNG.java:115)
at org.testng.remote.RemoteTestNG.initAndRun(RemoteTestNG.java:251)
at org.testng.remote.RemoteTestNG.main(RemoteTestNG.java:77)
]]>
            </full-stacktrace>
          </exception> <!-- org.openqa.selenium.TimeoutException -->
          <reporter-output>
          </reporter-output>
        </test-method> <!-- testSearchName -->
        <test-method status="PASS" signature="afterTest(org.testng.ITestResult, java.lang.reflect.Method)[pri:0, instance:sprint0.EmployeeSearch@46cdf8bd]" name="afterTest" is-config="true" duration-ms="840" started-at="2020-12-04T18:00:20Z" finished-at="2020-12-04T18:00:21Z">
          <params>
            <param index="0">
              <value>
                <![CDATA[[TestResult name=testSearchName status=FAILURE method=EmployeeSearch.testSearchName(java.lang.String)[pri:1, instance:sprint0.EmployeeSearch@46cdf8bd] output={null}]]]>
              </value>
            </param>
            <param index="1">
              <value>
                <![CDATA[public void sprint0.EmployeeSearch.testSearchName(java.lang.String)]]>
              </value>
            </param>
          </params>
          <reporter-output>
            <line>
              <![CDATA[Testcase Failure Screenshot saved at : file:/Users/manoj/git/ICEHRM/ICEHRM/Screenshots/testSearchName2020_04_12_23_30_20.png]]>
            </line>
          </reporter-output>
        </test-method> <!-- afterTest -->
        <test-method status="PASS" signature="beforeMethod(java.lang.reflect.Method, java.lang.String)[pri:0, instance:sprint0.EmployeeSearch@46cdf8bd]" name="beforeMethod" is-config="true" duration-ms="8146" started-at="2020-12-04T18:00:22Z" finished-at="2020-12-04T18:00:30Z">
          <params>
            <param index="0">
              <value>
                <![CDATA[public void sprint0.EmployeeSearch.testSearchLastname(java.lang.String)]]>
              </value>
            </param>
            <param index="1">
              <value>
                <![CDATA[browser]]>
              </value>
            </param>
          </params>
          <reporter-output>
          </reporter-output>
        </test-method> <!-- beforeMethod -->
        <test-method status="FAIL" signature="testSearchLastname(java.lang.String)[pri:2, instance:sprint0.EmployeeSearch@46cdf8bd]" name="testSearchLastname" duration-ms="50221" started-at="2020-12-04T18:00:30Z" data-provider="EmpLastNameSearchData" finished-at="2020-12-04T18:01:20Z">
          <params>
            <param index="0">
              <value>
                <![CDATA[Martin]]>
              </value>
            </param>
          </params>
          <exception class="org.openqa.selenium.TimeoutException">
            <message>
              <![CDATA[Expected condition failed: waiting for number of elements found by By.xpath: //table[@id='grid']//tbody/tr/td[1] to be more than "0". Current number: "0" (tried for 30 second(s) with 500 milliseconds interval)
Build info: version: '3.141.59', revision: 'e82be7d358', time: '2018-11-14T08:17:03'
System info: host: 'mac.local', ip: 'fe80:0:0:0:1c6f:764a:d9bf:bcef%en0', os.name: 'Mac OS X', os.arch: 'x86_64', os.version: '10.16', java.version: '1.8.0_151'
Driver info: org.openqa.selenium.chrome.ChromeDriver
Capabilities {acceptInsecureCerts: false, browserName: chrome, browserVersion: 86.0.4240.198, chrome: {chromedriverVersion: 86.0.4240.22 (398b0743353ff..., userDataDir: /var/folders/93/cv8d4r_j66b...}, goog:chromeOptions: {debuggerAddress: localhost:52380}, javascriptEnabled: true, networkConnectionEnabled: false, pageLoadStrategy: normal, platform: MAC, platformName: MAC, proxy: Proxy(), setWindowRect: true, strictFileInteractability: false, timeouts: {implicit: 0, pageLoad: 300000, script: 30000}, unhandledPromptBehavior: dismiss and notify, webauthn:virtualAuthenticators: true}
Session ID: 609f8c0068661b2884e4c48fc9164420]]>
            </message>
            <full-stacktrace>
              <![CDATA[org.openqa.selenium.TimeoutException: Expected condition failed: waiting for number of elements found by By.xpath: //table[@id='grid']//tbody/tr/td[1] to be more than "0". Current number: "0" (tried for 30 second(s) with 500 milliseconds interval)
Build info: version: '3.141.59', revision: 'e82be7d358', time: '2018-11-14T08:17:03'
System info: host: 'mac.local', ip: 'fe80:0:0:0:1c6f:764a:d9bf:bcef%en0', os.name: 'Mac OS X', os.arch: 'x86_64', os.version: '10.16', java.version: '1.8.0_151'
Driver info: org.openqa.selenium.chrome.ChromeDriver
Capabilities {acceptInsecureCerts: false, browserName: chrome, browserVersion: 86.0.4240.198, chrome: {chromedriverVersion: 86.0.4240.22 (398b0743353ff..., userDataDir: /var/folders/93/cv8d4r_j66b...}, goog:chromeOptions: {debuggerAddress: localhost:52380}, javascriptEnabled: true, networkConnectionEnabled: false, pageLoadStrategy: normal, platform: MAC, platformName: MAC, proxy: Proxy(), setWindowRect: true, strictFileInteractability: false, timeouts: {implicit: 0, pageLoad: 300000, script: 30000}, unhandledPromptBehavior: dismiss and notify, webauthn:virtualAuthenticators: true}
Session ID: 609f8c0068661b2884e4c48fc9164420
at org.openqa.selenium.support.ui.WebDriverWait.timeoutException(WebDriverWait.java:95)
at org.openqa.selenium.support.ui.FluentWait.until(FluentWait.java:272)
at sprint0.login.POM.EmployessEmployeesPagePOM.waitforEmployeeHomePageReady(EmployessEmployeesPagePOM.java:437)
at sprint0.login.POM.HomePagePOM.openEmployeeTab(HomePagePOM.java:74)
at sprint0.EmployeeSearch.testSearchLastname(EmployeeSearch.java:45)
at sun.reflect.NativeMethodAccessorImpl.invoke0(Native Method)
at sun.reflect.NativeMethodAccessorImpl.invoke(NativeMethodAccessorImpl.java:62)
at sun.reflect.DelegatingMethodAccessorImpl.invoke(DelegatingMethodAccessorImpl.java:43)
at java.lang.reflect.Method.invoke(Method.java:498)
at org.testng.internal.MethodInvocationHelper.invokeMethod(MethodInvocationHelper.java:124)
at org.testng.internal.Invoker.invokeMethod(Invoker.java:583)
at org.testng.internal.Invoker.invokeTestMethod(Invoker.java:719)
at org.testng.internal.Invoker.invokeTestMethods(Invoker.java:989)
at org.testng.internal.TestMethodWorker.invokeTestMethods(TestMethodWorker.java:125)
at org.testng.internal.TestMethodWorker.run(TestMethodWorker.java:109)
at org.testng.TestRunner.privateRun(TestRunner.java:648)
at org.testng.TestRunner.run(TestRunner.java:505)
at org.testng.SuiteRunner.runTest(SuiteRunner.java:455)
at org.testng.SuiteRunner.runSequentially(SuiteRunner.java:450)
at org.testng.SuiteRunner.privateRun(SuiteRunner.java:415)
at org.testng.SuiteRunner.run(SuiteRunner.java:364)
at org.testng.SuiteRunnerWorker.runSuite(SuiteRunnerWorker.java:52)
at org.testng.SuiteRunnerWorker.run(SuiteRunnerWorker.java:84)
at org.testng.TestNG.runSuitesSequentially(TestNG.java:1208)
at org.testng.TestNG.runSuitesLocally(TestNG.java:1137)
at org.testng.TestNG.runSuites(TestNG.java:1049)
at org.testng.TestNG.run(TestNG.java:1017)
at org.testng.remote.AbstractRemoteTestNG.run(AbstractRemoteTestNG.java:115)
at org.testng.remote.RemoteTestNG.initAndRun(RemoteTestNG.java:251)
at org.testng.remote.RemoteTestNG.main(RemoteTestNG.java:77)
]]>
            </full-stacktrace>
          </exception> <!-- org.openqa.selenium.TimeoutException -->
          <reporter-output>
          </reporter-output>
        </test-method> <!-- testSearchLastname -->
        <test-method status="PASS" signature="afterTest(org.testng.ITestResult, java.lang.reflect.Method)[pri:0, instance:sprint0.EmployeeSearch@46cdf8bd]" name="afterTest" is-config="true" duration-ms="799" started-at="2020-12-04T18:01:20Z" finished-at="2020-12-04T18:01:21Z">
          <params>
            <param index="0">
              <value>
                <![CDATA[[TestResult name=testSearchLastname status=FAILURE method=EmployeeSearch.testSearchLastname(java.lang.String)[pri:2, instance:sprint0.EmployeeSearch@46cdf8bd] output={null}]]]>
              </value>
            </param>
            <param index="1">
              <value>
                <![CDATA[public void sprint0.EmployeeSearch.testSearchLastname(java.lang.String)]]>
              </value>
            </param>
          </params>
          <reporter-output>
            <line>
              <![CDATA[Testcase Failure Screenshot saved at : file:/Users/manoj/git/ICEHRM/ICEHRM/Screenshots/testSearchLastname2020_04_12_23_31_21.png]]>
            </line>
          </reporter-output>
        </test-method> <!-- afterTest -->
        <test-method status="PASS" signature="beforeMethod(java.lang.reflect.Method, java.lang.String)[pri:0, instance:sprint0.EmployeeSearch@46cdf8bd]" name="beforeMethod" is-config="true" duration-ms="14353" started-at="2020-12-04T18:01:22Z" finished-at="2020-12-04T18:01:36Z">
          <params>
            <param index="0">
              <value>
                <![CDATA[public void sprint0.EmployeeSearch.testSearchInvalid(java.lang.String)]]>
              </value>
            </param>
            <param index="1">
              <value>
                <![CDATA[browser]]>
              </value>
            </param>
          </params>
          <reporter-output>
          </reporter-output>
        </test-method> <!-- beforeMethod -->
        <test-method status="FAIL" signature="testSearchInvalid(java.lang.String)[pri:3, instance:sprint0.EmployeeSearch@46cdf8bd]" name="testSearchInvalid" duration-ms="10477" started-at="2020-12-04T18:01:36Z" data-provider="EmpInvalidSearchData" finished-at="2020-12-04T18:01:46Z">
          <params>
            <param index="0">
              <value>
                <![CDATA[xx]]>
              </value>
            </param>
          </params>
          <exception class="org.openqa.selenium.ElementNotInteractableException">
            <message>
              <![CDATA[element not interactable
  (Session info: chrome=86.0.4240.198)
Build info: version: '3.141.59', revision: 'e82be7d358', time: '2018-11-14T08:17:03'
System info: host: 'mac.local', ip: 'fe80:0:0:0:1c6f:764a:d9bf:bcef%en0', os.name: 'Mac OS X', os.arch: 'x86_64', os.version: '10.16', java.version: '1.8.0_151'
Driver info: org.openqa.selenium.chrome.ChromeDriver
Capabilities {acceptInsecureCerts: false, browserName: chrome, browserVersion: 86.0.4240.198, chrome: {chromedriverVersion: 86.0.4240.22 (398b0743353ff..., userDataDir: /var/folders/93/cv8d4r_j66b...}, goog:chromeOptions: {debuggerAddress: localhost:52416}, javascriptEnabled: true, networkConnectionEnabled: false, pageLoadStrategy: normal, platform: MAC, platformName: MAC, proxy: Proxy(), setWindowRect: true, strictFileInteractability: false, timeouts: {implicit: 0, pageLoad: 300000, script: 30000}, unhandledPromptBehavior: dismiss and notify, webauthn:virtualAuthenticators: true}
Session ID: 72a3977b8cbc994d193b5fc0d2e080bf]]>
            </message>
            <full-stacktrace>
              <![CDATA[org.openqa.selenium.ElementNotInteractableException: element not interactable
  (Session info: chrome=86.0.4240.198)
Build info: version: '3.141.59', revision: 'e82be7d358', time: '2018-11-14T08:17:03'
System info: host: 'mac.local', ip: 'fe80:0:0:0:1c6f:764a:d9bf:bcef%en0', os.name: 'Mac OS X', os.arch: 'x86_64', os.version: '10.16', java.version: '1.8.0_151'
Driver info: org.openqa.selenium.chrome.ChromeDriver
Capabilities {acceptInsecureCerts: false, browserName: chrome, browserVersion: 86.0.4240.198, chrome: {chromedriverVersion: 86.0.4240.22 (398b0743353ff..., userDataDir: /var/folders/93/cv8d4r_j66b...}, goog:chromeOptions: {debuggerAddress: localhost:52416}, javascriptEnabled: true, networkConnectionEnabled: false, pageLoadStrategy: normal, platform: MAC, platformName: MAC, proxy: Proxy(), setWindowRect: true, strictFileInteractability: false, timeouts: {implicit: 0, pageLoad: 300000, script: 30000}, unhandledPromptBehavior: dismiss and notify, webauthn:virtualAuthenticators: true}
Session ID: 72a3977b8cbc994d193b5fc0d2e080bf
at sun.reflect.NativeConstructorAccessorImpl.newInstance0(Native Method)
at sun.reflect.NativeConstructorAccessorImpl.newInstance(NativeConstructorAccessorImpl.java:62)
at sun.reflect.DelegatingConstructorAccessorImpl.newInstance(DelegatingConstructorAccessorImpl.java:45)
at java.lang.reflect.Constructor.newInstance(Constructor.java:423)
at org.openqa.selenium.remote.http.W3CHttpResponseCodec.createException(W3CHttpResponseCodec.java:187)
at org.openqa.selenium.remote.http.W3CHttpResponseCodec.decode(W3CHttpResponseCodec.java:122)
at org.openqa.selenium.remote.http.W3CHttpResponseCodec.decode(W3CHttpResponseCodec.java:49)
at org.openqa.selenium.remote.HttpCommandExecutor.execute(HttpCommandExecutor.java:158)
at org.openqa.selenium.remote.service.DriverCommandExecutor.execute(DriverCommandExecutor.java:83)
at org.openqa.selenium.remote.RemoteWebDriver.execute(RemoteWebDriver.java:552)
at org.openqa.selenium.remote.RemoteWebElement.execute(RemoteWebElement.java:285)
at org.openqa.selenium.remote.RemoteWebElement.click(RemoteWebElement.java:84)
at sprint0.login.POM.HomePagePOM.clickAppEngLanguageSelect(HomePagePOM.java:56)
at testbase.TestSetup.AUTlogin(TestSetup.java:117)
at sprint0.EmployeeSearch.testSearchInvalid(EmployeeSearch.java:62)
at sun.reflect.NativeMethodAccessorImpl.invoke0(Native Method)
at sun.reflect.NativeMethodAccessorImpl.invoke(NativeMethodAccessorImpl.java:62)
at sun.reflect.DelegatingMethodAccessorImpl.invoke(DelegatingMethodAccessorImpl.java:43)
at java.lang.reflect.Method.invoke(Method.java:498)
at org.testng.internal.MethodInvocationHelper.invokeMethod(MethodInvocationHelper.java:124)
at org.testng.internal.Invoker.invokeMethod(Invoker.java:583)
at org.testng.internal.Invoker.invokeTestMethod(Invoker.java:719)
at org.testng.internal.Invoker.invokeTestMethods(Invoker.java:989)
at org.testng.internal.TestMethodWorker.invokeTestMethods(TestMethodWorker.java:125)
at org.testng.internal.TestMethodWorker.run(TestMethodWorker.java:109)
at org.testng.TestRunner.privateRun(TestRunner.java:648)
at org.testng.TestRunner.run(TestRunner.java:505)
at org.testng.SuiteRunner.runTest(SuiteRunner.java:455)
at org.testng.SuiteRunner.runSequentially(SuiteRunner.java:450)
at org.testng.SuiteRunner.privateRun(SuiteRunner.java:415)
at org.testng.SuiteRunner.run(SuiteRunner.java:364)
at org.testng.SuiteRunnerWorker.runSuite(SuiteRunnerWorker.java:52)
at org.testng.SuiteRunnerWorker.run(SuiteRunnerWorker.java:84)
at org.testng.TestNG.runSuitesSequentially(TestNG.java:1208)
at org.testng.TestNG.runSuitesLocally(TestNG.java:1137)
at org.testng.TestNG.runSuites(TestNG.java:1049)
at org.testng.TestNG.run(TestNG.java:1017)
at org.testng.remote.AbstractRemoteTestNG.run(AbstractRemoteTestNG.java:115)
at org.testng.remote.RemoteTestNG.initAndRun(RemoteTestNG.java:251)
at org.testng.remote.RemoteTestNG.main(RemoteTestNG.java:77)
]]>
            </full-stacktrace>
          </exception> <!-- org.openqa.selenium.ElementNotInteractableException -->
          <reporter-output>
          </reporter-output>
        </test-method> <!-- testSearchInvalid -->
        <test-method status="PASS" signature="afterTest(org.testng.ITestResult, java.lang.reflect.Method)[pri:0, instance:sprint0.EmployeeSearch@46cdf8bd]" name="afterTest" is-config="true" duration-ms="997" started-at="2020-12-04T18:01:46Z" finished-at="2020-12-04T18:01:47Z">
          <params>
            <param index="0">
              <value>
                <![CDATA[[TestResult name=testSearchInvalid status=FAILURE method=EmployeeSearch.testSearchInvalid(java.lang.String)[pri:3, instance:sprint0.EmployeeSearch@46cdf8bd] output={null}]]]>
              </value>
            </param>
            <param index="1">
              <value>
                <![CDATA[public void sprint0.EmployeeSearch.testSearchInvalid(java.lang.String)]]>
              </value>
            </param>
          </params>
          <reporter-output>
            <line>
              <![CDATA[Testcase Failure Screenshot saved at : file:/Users/manoj/git/ICEHRM/ICEHRM/Screenshots/testSearchInvalid2020_04_12_23_31_47.png]]>
            </line>
          </reporter-output>
        </test-method> <!-- afterTest -->
        <test-method status="PASS" signature="afterTest()[pri:0, instance:sprint0.EmployeeSearch@46cdf8bd]" name="afterTest" is-config="true" duration-ms="0" started-at="2020-12-04T18:01:47Z" finished-at="2020-12-04T18:01:47Z">
          <reporter-output>
          </reporter-output>
        </test-method> <!-- afterTest -->
        <test-method status="PASS" signature="afterSuite()[pri:0, instance:sprint0.EmployeeSearch@46cdf8bd]" name="afterSuite" is-config="true" duration-ms="1" started-at="2020-12-04T18:01:48Z" finished-at="2020-12-04T18:01:48Z">
          <reporter-output>
          </reporter-output>
        </test-method> <!-- afterSuite -->
      </class> <!-- sprint0.EmployeeSearch -->
    </test> <!-- Default test -->
  </suite> <!-- Default suite -->
</testng-results>
